<?xml version="1.0" encoding="UTF-8"?>
<testsuite xmlns:xsi="http://www.w3.org/2001/XMLSchema-instance" xsi:noNamespaceSchemaLocation="https://maven.apache.org/surefire/maven-surefire-plugin/xsd/surefire-test-report.xsd" name="com.example.skye.MyBatisPlusDemoApplicationTests" time="3.278" tests="2" errors="1" skipped="0" failures="0">
  <properties>
    <property name="sun.desktop" value="windows"/>
    <property name="awt.toolkit" value="sun.awt.windows.WToolkit"/>
    <property name="file.encoding.pkg" value="sun.io"/>
    <property name="java.specification.version" value="1.8"/>
    <property name="sun.cpu.isalist" value="amd64"/>
    <property name="sun.jnu.encoding" value="GBK"/>
    <property name="java.class.path" value="E:\IDEA_Workplace\Test\MyBatisPlus_demo\target\test-classes;E:\IDEA_Workplace\Test\MyBatisPlus_demo\target\classes;D:\apache-maven-3.6.1\mvn_resp\org\springframework\boot\spring-boot-starter-web\2.7.17\spring-boot-starter-web-2.7.17.jar;D:\apache-maven-3.6.1\mvn_resp\org\springframework\boot\spring-boot-starter\2.7.17\spring-boot-starter-2.7.17.jar;D:\apache-maven-3.6.1\mvn_resp\org\springframework\boot\spring-boot\2.7.17\spring-boot-2.7.17.jar;D:\apache-maven-3.6.1\mvn_resp\org\springframework\boot\spring-boot-starter-logging\2.7.17\spring-boot-starter-logging-2.7.17.jar;D:\apache-maven-3.6.1\mvn_resp\ch\qos\logback\logback-classic\1.2.12\logback-classic-1.2.12.jar;D:\apache-maven-3.6.1\mvn_resp\ch\qos\logback\logback-core\1.2.12\logback-core-1.2.12.jar;D:\apache-maven-3.6.1\mvn_resp\org\apache\logging\log4j\log4j-to-slf4j\2.17.2\log4j-to-slf4j-2.17.2.jar;D:\apache-maven-3.6.1\mvn_resp\org\apache\logging\log4j\log4j-api\2.17.2\log4j-api-2.17.2.jar;D:\apache-maven-3.6.1\mvn_resp\org\slf4j\jul-to-slf4j\1.7.36\jul-to-slf4j-1.7.36.jar;D:\apache-maven-3.6.1\mvn_resp\jakarta\annotation\jakarta.annotation-api\1.3.5\jakarta.annotation-api-1.3.5.jar;D:\apache-maven-3.6.1\mvn_resp\org\yaml\snakeyaml\1.30\snakeyaml-1.30.jar;D:\apache-maven-3.6.1\mvn_resp\org\springframework\boot\spring-boot-starter-json\2.7.17\spring-boot-starter-json-2.7.17.jar;D:\apache-maven-3.6.1\mvn_resp\com\fasterxml\jackson\core\jackson-databind\2.13.5\jackson-databind-2.13.5.jar;D:\apache-maven-3.6.1\mvn_resp\com\fasterxml\jackson\core\jackson-annotations\2.13.5\jackson-annotations-2.13.5.jar;D:\apache-maven-3.6.1\mvn_resp\com\fasterxml\jackson\core\jackson-core\2.13.5\jackson-core-2.13.5.jar;D:\apache-maven-3.6.1\mvn_resp\com\fasterxml\jackson\datatype\jackson-datatype-jdk8\2.13.5\jackson-datatype-jdk8-2.13.5.jar;D:\apache-maven-3.6.1\mvn_resp\com\fasterxml\jackson\datatype\jackson-datatype-jsr310\2.13.5\jackson-datatype-jsr310-2.13.5.jar;D:\apache-maven-3.6.1\mvn_resp\com\fasterxml\jackson\module\jackson-module-parameter-names\2.13.5\jackson-module-parameter-names-2.13.5.jar;D:\apache-maven-3.6.1\mvn_resp\org\springframework\boot\spring-boot-starter-tomcat\2.7.17\spring-boot-starter-tomcat-2.7.17.jar;D:\apache-maven-3.6.1\mvn_resp\org\apache\tomcat\embed\tomcat-embed-core\9.0.82\tomcat-embed-core-9.0.82.jar;D:\apache-maven-3.6.1\mvn_resp\org\apache\tomcat\embed\tomcat-embed-el\9.0.82\tomcat-embed-el-9.0.82.jar;D:\apache-maven-3.6.1\mvn_resp\org\apache\tomcat\embed\tomcat-embed-websocket\9.0.82\tomcat-embed-websocket-9.0.82.jar;D:\apache-maven-3.6.1\mvn_resp\org\springframework\spring-web\5.3.30\spring-web-5.3.30.jar;D:\apache-maven-3.6.1\mvn_resp\org\springframework\spring-beans\5.3.30\spring-beans-5.3.30.jar;D:\apache-maven-3.6.1\mvn_resp\org\springframework\spring-webmvc\5.3.30\spring-webmvc-5.3.30.jar;D:\apache-maven-3.6.1\mvn_resp\org\springframework\spring-aop\5.3.30\spring-aop-5.3.30.jar;D:\apache-maven-3.6.1\mvn_resp\org\springframework\spring-context\5.3.30\spring-context-5.3.30.jar;D:\apache-maven-3.6.1\mvn_resp\org\springframework\spring-expression\5.3.30\spring-expression-5.3.30.jar;D:\apache-maven-3.6.1\mvn_resp\org\mybatis\spring\boot\mybatis-spring-boot-starter\2.3.1\mybatis-spring-boot-starter-2.3.1.jar;D:\apache-maven-3.6.1\mvn_resp\org\springframework\boot\spring-boot-starter-jdbc\2.7.17\spring-boot-starter-jdbc-2.7.17.jar;D:\apache-maven-3.6.1\mvn_resp\com\zaxxer\HikariCP\4.0.3\HikariCP-4.0.3.jar;D:\apache-maven-3.6.1\mvn_resp\org\springframework\spring-jdbc\5.3.30\spring-jdbc-5.3.30.jar;D:\apache-maven-3.6.1\mvn_resp\org\springframework\spring-tx\5.3.30\spring-tx-5.3.30.jar;D:\apache-maven-3.6.1\mvn_resp\org\mybatis\spring\boot\mybatis-spring-boot-autoconfigure\2.3.1\mybatis-spring-boot-autoconfigure-2.3.1.jar;D:\apache-maven-3.6.1\mvn_resp\org\mybatis\mybatis\3.5.13\mybatis-3.5.13.jar;D:\apache-maven-3.6.1\mvn_resp\org\mybatis\mybatis-spring\2.1.1\mybatis-spring-2.1.1.jar;D:\apache-maven-3.6.1\mvn_resp\com\mysql\mysql-connector-j\8.0.33\mysql-connector-j-8.0.33.jar;D:\apache-maven-3.6.1\mvn_resp\org\projectlombok\lombok\1.18.30\lombok-1.18.30.jar;D:\apache-maven-3.6.1\mvn_resp\org\springframework\boot\spring-boot-starter-test\2.7.17\spring-boot-starter-test-2.7.17.jar;D:\apache-maven-3.6.1\mvn_resp\org\springframework\boot\spring-boot-test\2.7.17\spring-boot-test-2.7.17.jar;D:\apache-maven-3.6.1\mvn_resp\org\springframework\boot\spring-boot-test-autoconfigure\2.7.17\spring-boot-test-autoconfigure-2.7.17.jar;D:\apache-maven-3.6.1\mvn_resp\com\jayway\jsonpath\json-path\2.7.0\json-path-2.7.0.jar;D:\apache-maven-3.6.1\mvn_resp\net\minidev\json-smart\2.4.11\json-smart-2.4.11.jar;D:\apache-maven-3.6.1\mvn_resp\net\minidev\accessors-smart\2.4.11\accessors-smart-2.4.11.jar;D:\apache-maven-3.6.1\mvn_resp\org\ow2\asm\asm\9.3\asm-9.3.jar;D:\apache-maven-3.6.1\mvn_resp\org\slf4j\slf4j-api\1.7.36\slf4j-api-1.7.36.jar;D:\apache-maven-3.6.1\mvn_resp\jakarta\xml\bind\jakarta.xml.bind-api\2.3.3\jakarta.xml.bind-api-2.3.3.jar;D:\apache-maven-3.6.1\mvn_resp\jakarta\activation\jakarta.activation-api\1.2.2\jakarta.activation-api-1.2.2.jar;D:\apache-maven-3.6.1\mvn_resp\org\assertj\assertj-core\3.22.0\assertj-core-3.22.0.jar;D:\apache-maven-3.6.1\mvn_resp\org\hamcrest\hamcrest\2.2\hamcrest-2.2.jar;D:\apache-maven-3.6.1\mvn_resp\org\junit\jupiter\junit-jupiter\5.8.2\junit-jupiter-5.8.2.jar;D:\apache-maven-3.6.1\mvn_resp\org\junit\jupiter\junit-jupiter-api\5.8.2\junit-jupiter-api-5.8.2.jar;D:\apache-maven-3.6.1\mvn_resp\org\opentest4j\opentest4j\1.2.0\opentest4j-1.2.0.jar;D:\apache-maven-3.6.1\mvn_resp\org\junit\platform\junit-platform-commons\1.8.2\junit-platform-commons-1.8.2.jar;D:\apache-maven-3.6.1\mvn_resp\org\apiguardian\apiguardian-api\1.1.2\apiguardian-api-1.1.2.jar;D:\apache-maven-3.6.1\mvn_resp\org\junit\jupiter\junit-jupiter-params\5.8.2\junit-jupiter-params-5.8.2.jar;D:\apache-maven-3.6.1\mvn_resp\org\junit\jupiter\junit-jupiter-engine\5.8.2\junit-jupiter-engine-5.8.2.jar;D:\apache-maven-3.6.1\mvn_resp\org\junit\platform\junit-platform-engine\1.8.2\junit-platform-engine-1.8.2.jar;D:\apache-maven-3.6.1\mvn_resp\org\mockito\mockito-core\4.5.1\mockito-core-4.5.1.jar;D:\apache-maven-3.6.1\mvn_resp\net\bytebuddy\byte-buddy\1.12.23\byte-buddy-1.12.23.jar;D:\apache-maven-3.6.1\mvn_resp\net\bytebuddy\byte-buddy-agent\1.12.23\byte-buddy-agent-1.12.23.jar;D:\apache-maven-3.6.1\mvn_resp\org\objenesis\objenesis\3.2\objenesis-3.2.jar;D:\apache-maven-3.6.1\mvn_resp\org\mockito\mockito-junit-jupiter\4.5.1\mockito-junit-jupiter-4.5.1.jar;D:\apache-maven-3.6.1\mvn_resp\org\skyscreamer\jsonassert\1.5.1\jsonassert-1.5.1.jar;D:\apache-maven-3.6.1\mvn_resp\com\vaadin\external\google\android-json\0.0.20131108.vaadin1\android-json-0.0.20131108.vaadin1.jar;D:\apache-maven-3.6.1\mvn_resp\org\springframework\spring-core\5.3.30\spring-core-5.3.30.jar;D:\apache-maven-3.6.1\mvn_resp\org\springframework\spring-jcl\5.3.30\spring-jcl-5.3.30.jar;D:\apache-maven-3.6.1\mvn_resp\org\springframework\spring-test\5.3.30\spring-test-5.3.30.jar;D:\apache-maven-3.6.1\mvn_resp\org\xmlunit\xmlunit-core\2.9.1\xmlunit-core-2.9.1.jar;D:\apache-maven-3.6.1\mvn_resp\com\baomidou\mybatis-plus-boot-starter\3.0.5\mybatis-plus-boot-starter-3.0.5.jar;D:\apache-maven-3.6.1\mvn_resp\com\baomidou\mybatis-plus\3.0.5\mybatis-plus-3.0.5.jar;D:\apache-maven-3.6.1\mvn_resp\com\baomidou\mybatis-plus-extension\3.0.5\mybatis-plus-extension-3.0.5.jar;D:\apache-maven-3.6.1\mvn_resp\com\baomidou\mybatis-plus-core\3.0.5\mybatis-plus-core-3.0.5.jar;D:\apache-maven-3.6.1\mvn_resp\com\baomidou\mybatis-plus-annotation\3.0.5\mybatis-plus-annotation-3.0.5.jar;D:\apache-maven-3.6.1\mvn_resp\com\github\jsqlparser\jsqlparser\1.2\jsqlparser-1.2.jar;D:\apache-maven-3.6.1\mvn_resp\com\baomidou\mybatis-plus-generator\3.0.5\mybatis-plus-generator-3.0.5.jar;D:\apache-maven-3.6.1\mvn_resp\org\springframework\boot\spring-boot-autoconfigure\2.7.17\spring-boot-autoconfigure-2.7.17.jar;D:\apache-maven-3.6.1\mvn_resp\org\springframework\boot\spring-boot-configuration-processor\2.7.17\spring-boot-configuration-processor-2.7.17.jar;"/>
    <property name="java.vm.vendor" value="Oracle Corporation"/>
    <property name="sun.arch.data.model" value="64"/>
    <property name="user.variant" value=""/>
    <property name="java.vendor.url" value="http://java.oracle.com/"/>
    <property name="user.timezone" value="Asia/Shanghai"/>
    <property name="java.vm.specification.version" value="1.8"/>
    <property name="os.name" value="Windows 10"/>
    <property name="user.country" value="CN"/>
    <property name="sun.java.launcher" value="SUN_STANDARD"/>
    <property name="sun.boot.library.path" value="C:\Program Files\Java\jdk1.8.0_151\jre\bin"/>
    <property name="sun.java.command" value="C:\Users\XIAOKA~1\AppData\Local\Temp\surefire6066881600798434672\surefirebooter3199346832649111586.jar C:\Users\xiaokaizia\AppData\Local\Temp\surefire6066881600798434672 2024-03-22T20-25-54_852-jvmRun1 surefire9207987031401016607tmp surefire_06646274177837521774tmp"/>
    <property name="surefire.test.class.path" value="E:\IDEA_Workplace\Test\MyBatisPlus_demo\target\test-classes;E:\IDEA_Workplace\Test\MyBatisPlus_demo\target\classes;D:\apache-maven-3.6.1\mvn_resp\org\springframework\boot\spring-boot-starter-web\2.7.17\spring-boot-starter-web-2.7.17.jar;D:\apache-maven-3.6.1\mvn_resp\org\springframework\boot\spring-boot-starter\2.7.17\spring-boot-starter-2.7.17.jar;D:\apache-maven-3.6.1\mvn_resp\org\springframework\boot\spring-boot\2.7.17\spring-boot-2.7.17.jar;D:\apache-maven-3.6.1\mvn_resp\org\springframework\boot\spring-boot-starter-logging\2.7.17\spring-boot-starter-logging-2.7.17.jar;D:\apache-maven-3.6.1\mvn_resp\ch\qos\logback\logback-classic\1.2.12\logback-classic-1.2.12.jar;D:\apache-maven-3.6.1\mvn_resp\ch\qos\logback\logback-core\1.2.12\logback-core-1.2.12.jar;D:\apache-maven-3.6.1\mvn_resp\org\apache\logging\log4j\log4j-to-slf4j\2.17.2\log4j-to-slf4j-2.17.2.jar;D:\apache-maven-3.6.1\mvn_resp\org\apache\logging\log4j\log4j-api\2.17.2\log4j-api-2.17.2.jar;D:\apache-maven-3.6.1\mvn_resp\org\slf4j\jul-to-slf4j\1.7.36\jul-to-slf4j-1.7.36.jar;D:\apache-maven-3.6.1\mvn_resp\jakarta\annotation\jakarta.annotation-api\1.3.5\jakarta.annotation-api-1.3.5.jar;D:\apache-maven-3.6.1\mvn_resp\org\yaml\snakeyaml\1.30\snakeyaml-1.30.jar;D:\apache-maven-3.6.1\mvn_resp\org\springframework\boot\spring-boot-starter-json\2.7.17\spring-boot-starter-json-2.7.17.jar;D:\apache-maven-3.6.1\mvn_resp\com\fasterxml\jackson\core\jackson-databind\2.13.5\jackson-databind-2.13.5.jar;D:\apache-maven-3.6.1\mvn_resp\com\fasterxml\jackson\core\jackson-annotations\2.13.5\jackson-annotations-2.13.5.jar;D:\apache-maven-3.6.1\mvn_resp\com\fasterxml\jackson\core\jackson-core\2.13.5\jackson-core-2.13.5.jar;D:\apache-maven-3.6.1\mvn_resp\com\fasterxml\jackson\datatype\jackson-datatype-jdk8\2.13.5\jackson-datatype-jdk8-2.13.5.jar;D:\apache-maven-3.6.1\mvn_resp\com\fasterxml\jackson\datatype\jackson-datatype-jsr310\2.13.5\jackson-datatype-jsr310-2.13.5.jar;D:\apache-maven-3.6.1\mvn_resp\com\fasterxml\jackson\module\jackson-module-parameter-names\2.13.5\jackson-module-parameter-names-2.13.5.jar;D:\apache-maven-3.6.1\mvn_resp\org\springframework\boot\spring-boot-starter-tomcat\2.7.17\spring-boot-starter-tomcat-2.7.17.jar;D:\apache-maven-3.6.1\mvn_resp\org\apache\tomcat\embed\tomcat-embed-core\9.0.82\tomcat-embed-core-9.0.82.jar;D:\apache-maven-3.6.1\mvn_resp\org\apache\tomcat\embed\tomcat-embed-el\9.0.82\tomcat-embed-el-9.0.82.jar;D:\apache-maven-3.6.1\mvn_resp\org\apache\tomcat\embed\tomcat-embed-websocket\9.0.82\tomcat-embed-websocket-9.0.82.jar;D:\apache-maven-3.6.1\mvn_resp\org\springframework\spring-web\5.3.30\spring-web-5.3.30.jar;D:\apache-maven-3.6.1\mvn_resp\org\springframework\spring-beans\5.3.30\spring-beans-5.3.30.jar;D:\apache-maven-3.6.1\mvn_resp\org\springframework\spring-webmvc\5.3.30\spring-webmvc-5.3.30.jar;D:\apache-maven-3.6.1\mvn_resp\org\springframework\spring-aop\5.3.30\spring-aop-5.3.30.jar;D:\apache-maven-3.6.1\mvn_resp\org\springframework\spring-context\5.3.30\spring-context-5.3.30.jar;D:\apache-maven-3.6.1\mvn_resp\org\springframework\spring-expression\5.3.30\spring-expression-5.3.30.jar;D:\apache-maven-3.6.1\mvn_resp\org\mybatis\spring\boot\mybatis-spring-boot-starter\2.3.1\mybatis-spring-boot-starter-2.3.1.jar;D:\apache-maven-3.6.1\mvn_resp\org\springframework\boot\spring-boot-starter-jdbc\2.7.17\spring-boot-starter-jdbc-2.7.17.jar;D:\apache-maven-3.6.1\mvn_resp\com\zaxxer\HikariCP\4.0.3\HikariCP-4.0.3.jar;D:\apache-maven-3.6.1\mvn_resp\org\springframework\spring-jdbc\5.3.30\spring-jdbc-5.3.30.jar;D:\apache-maven-3.6.1\mvn_resp\org\springframework\spring-tx\5.3.30\spring-tx-5.3.30.jar;D:\apache-maven-3.6.1\mvn_resp\org\mybatis\spring\boot\mybatis-spring-boot-autoconfigure\2.3.1\mybatis-spring-boot-autoconfigure-2.3.1.jar;D:\apache-maven-3.6.1\mvn_resp\org\mybatis\mybatis\3.5.13\mybatis-3.5.13.jar;D:\apache-maven-3.6.1\mvn_resp\org\mybatis\mybatis-spring\2.1.1\mybatis-spring-2.1.1.jar;D:\apache-maven-3.6.1\mvn_resp\com\mysql\mysql-connector-j\8.0.33\mysql-connector-j-8.0.33.jar;D:\apache-maven-3.6.1\mvn_resp\org\projectlombok\lombok\1.18.30\lombok-1.18.30.jar;D:\apache-maven-3.6.1\mvn_resp\org\springframework\boot\spring-boot-starter-test\2.7.17\spring-boot-starter-test-2.7.17.jar;D:\apache-maven-3.6.1\mvn_resp\org\springframework\boot\spring-boot-test\2.7.17\spring-boot-test-2.7.17.jar;D:\apache-maven-3.6.1\mvn_resp\org\springframework\boot\spring-boot-test-autoconfigure\2.7.17\spring-boot-test-autoconfigure-2.7.17.jar;D:\apache-maven-3.6.1\mvn_resp\com\jayway\jsonpath\json-path\2.7.0\json-path-2.7.0.jar;D:\apache-maven-3.6.1\mvn_resp\net\minidev\json-smart\2.4.11\json-smart-2.4.11.jar;D:\apache-maven-3.6.1\mvn_resp\net\minidev\accessors-smart\2.4.11\accessors-smart-2.4.11.jar;D:\apache-maven-3.6.1\mvn_resp\org\ow2\asm\asm\9.3\asm-9.3.jar;D:\apache-maven-3.6.1\mvn_resp\org\slf4j\slf4j-api\1.7.36\slf4j-api-1.7.36.jar;D:\apache-maven-3.6.1\mvn_resp\jakarta\xml\bind\jakarta.xml.bind-api\2.3.3\jakarta.xml.bind-api-2.3.3.jar;D:\apache-maven-3.6.1\mvn_resp\jakarta\activation\jakarta.activation-api\1.2.2\jakarta.activation-api-1.2.2.jar;D:\apache-maven-3.6.1\mvn_resp\org\assertj\assertj-core\3.22.0\assertj-core-3.22.0.jar;D:\apache-maven-3.6.1\mvn_resp\org\hamcrest\hamcrest\2.2\hamcrest-2.2.jar;D:\apache-maven-3.6.1\mvn_resp\org\junit\jupiter\junit-jupiter\5.8.2\junit-jupiter-5.8.2.jar;D:\apache-maven-3.6.1\mvn_resp\org\junit\jupiter\junit-jupiter-api\5.8.2\junit-jupiter-api-5.8.2.jar;D:\apache-maven-3.6.1\mvn_resp\org\opentest4j\opentest4j\1.2.0\opentest4j-1.2.0.jar;D:\apache-maven-3.6.1\mvn_resp\org\junit\platform\junit-platform-commons\1.8.2\junit-platform-commons-1.8.2.jar;D:\apache-maven-3.6.1\mvn_resp\org\apiguardian\apiguardian-api\1.1.2\apiguardian-api-1.1.2.jar;D:\apache-maven-3.6.1\mvn_resp\org\junit\jupiter\junit-jupiter-params\5.8.2\junit-jupiter-params-5.8.2.jar;D:\apache-maven-3.6.1\mvn_resp\org\junit\jupiter\junit-jupiter-engine\5.8.2\junit-jupiter-engine-5.8.2.jar;D:\apache-maven-3.6.1\mvn_resp\org\junit\platform\junit-platform-engine\1.8.2\junit-platform-engine-1.8.2.jar;D:\apache-maven-3.6.1\mvn_resp\org\mockito\mockito-core\4.5.1\mockito-core-4.5.1.jar;D:\apache-maven-3.6.1\mvn_resp\net\bytebuddy\byte-buddy\1.12.23\byte-buddy-1.12.23.jar;D:\apache-maven-3.6.1\mvn_resp\net\bytebuddy\byte-buddy-agent\1.12.23\byte-buddy-agent-1.12.23.jar;D:\apache-maven-3.6.1\mvn_resp\org\objenesis\objenesis\3.2\objenesis-3.2.jar;D:\apache-maven-3.6.1\mvn_resp\org\mockito\mockito-junit-jupiter\4.5.1\mockito-junit-jupiter-4.5.1.jar;D:\apache-maven-3.6.1\mvn_resp\org\skyscreamer\jsonassert\1.5.1\jsonassert-1.5.1.jar;D:\apache-maven-3.6.1\mvn_resp\com\vaadin\external\google\android-json\0.0.20131108.vaadin1\android-json-0.0.20131108.vaadin1.jar;D:\apache-maven-3.6.1\mvn_resp\org\springframework\spring-core\5.3.30\spring-core-5.3.30.jar;D:\apache-maven-3.6.1\mvn_resp\org\springframework\spring-jcl\5.3.30\spring-jcl-5.3.30.jar;D:\apache-maven-3.6.1\mvn_resp\org\springframework\spring-test\5.3.30\spring-test-5.3.30.jar;D:\apache-maven-3.6.1\mvn_resp\org\xmlunit\xmlunit-core\2.9.1\xmlunit-core-2.9.1.jar;D:\apache-maven-3.6.1\mvn_resp\com\baomidou\mybatis-plus-boot-starter\3.0.5\mybatis-plus-boot-starter-3.0.5.jar;D:\apache-maven-3.6.1\mvn_resp\com\baomidou\mybatis-plus\3.0.5\mybatis-plus-3.0.5.jar;D:\apache-maven-3.6.1\mvn_resp\com\baomidou\mybatis-plus-extension\3.0.5\mybatis-plus-extension-3.0.5.jar;D:\apache-maven-3.6.1\mvn_resp\com\baomidou\mybatis-plus-core\3.0.5\mybatis-plus-core-3.0.5.jar;D:\apache-maven-3.6.1\mvn_resp\com\baomidou\mybatis-plus-annotation\3.0.5\mybatis-plus-annotation-3.0.5.jar;D:\apache-maven-3.6.1\mvn_resp\com\github\jsqlparser\jsqlparser\1.2\jsqlparser-1.2.jar;D:\apache-maven-3.6.1\mvn_resp\com\baomidou\mybatis-plus-generator\3.0.5\mybatis-plus-generator-3.0.5.jar;D:\apache-maven-3.6.1\mvn_resp\org\springframework\boot\spring-boot-autoconfigure\2.7.17\spring-boot-autoconfigure-2.7.17.jar;D:\apache-maven-3.6.1\mvn_resp\org\springframework\boot\spring-boot-configuration-processor\2.7.17\spring-boot-configuration-processor-2.7.17.jar;"/>
    <property name="sun.cpu.endian" value="little"/>
    <property name="user.home" value="C:\Users\xiaokaizia"/>
    <property name="user.language" value="zh"/>
    <property name="java.specification.vendor" value="Oracle Corporation"/>
    <property name="java.home" value="C:\Program Files\Java\jdk1.8.0_151\jre"/>
    <property name="basedir" value="E:\IDEA_Workplace\Test\MyBatisPlus_demo"/>
    <property name="file.separator" value="\"/>
    <property name="line.separator" value="&#10;"/>
    <property name="java.vm.specification.vendor" value="Oracle Corporation"/>
    <property name="java.specification.name" value="Java Platform API Specification"/>
    <property name="java.awt.graphicsenv" value="sun.awt.Win32GraphicsEnvironment"/>
    <property name="surefire.real.class.path" value="C:\Users\XIAOKA~1\AppData\Local\Temp\surefire6066881600798434672\surefirebooter3199346832649111586.jar"/>
    <property name="sun.boot.class.path" value="C:\Program Files\Java\jdk1.8.0_151\jre\lib\resources.jar;C:\Program Files\Java\jdk1.8.0_151\jre\lib\rt.jar;C:\Program Files\Java\jdk1.8.0_151\jre\lib\sunrsasign.jar;C:\Program Files\Java\jdk1.8.0_151\jre\lib\jsse.jar;C:\Program Files\Java\jdk1.8.0_151\jre\lib\jce.jar;C:\Program Files\Java\jdk1.8.0_151\jre\lib\charsets.jar;C:\Program Files\Java\jdk1.8.0_151\jre\lib\jfr.jar;C:\Program Files\Java\jdk1.8.0_151\jre\classes"/>
    <property name="user.script" value=""/>
    <property name="sun.management.compiler" value="HotSpot 64-Bit Tiered Compilers"/>
    <property name="java.runtime.version" value="1.8.0_151-b12"/>
    <property name="user.name" value="xiaokaizia"/>
    <property name="path.separator" value=";"/>
    <property name="os.version" value="10.0"/>
    <property name="java.endorsed.dirs" value="C:\Program Files\Java\jdk1.8.0_151\jre\lib\endorsed"/>
    <property name="java.runtime.name" value="Java(TM) SE Runtime Environment"/>
    <property name="file.encoding" value="GBK"/>
    <property name="java.vm.name" value="Java HotSpot(TM) 64-Bit Server VM"/>
    <property name="localRepository" value="D:\apache-maven-3.6.1\mvn_resp"/>
    <property name="java.vendor.url.bug" value="http://bugreport.sun.com/bugreport/"/>
    <property name="java.io.tmpdir" value="C:\Users\XIAOKA~1\AppData\Local\Temp\"/>
    <property name="idea.version" value="2023.2.4"/>
    <property name="java.version" value="1.8.0_151"/>
    <property name="user.dir" value="E:\IDEA_Workplace\Test\MyBatisPlus_demo"/>
    <property name="os.arch" value="amd64"/>
    <property name="java.vm.specification.name" value="Java Virtual Machine Specification"/>
    <property name="java.awt.printerjob" value="sun.awt.windows.WPrinterJob"/>
    <property name="sun.os.patch.level" value=""/>
    <property name="java.library.path" value="C:\Program Files\Java\jdk1.8.0_151\jre\bin;C:\WINDOWS\Sun\Java\bin;C:\WINDOWS\system32;C:\WINDOWS;C:\Program Files\Java\jdk-21\bin;C:\Program Files\Python311\Scripts\;C:\Program Files\Python311\;C:\Program Files (x86)\Common Files\Oracle\Java\javapath;C:\Program Files\Common Files\Oracle\Java\javapath;C:\Windows\system32;C:\Windows;C:\Windows\System32\Wbem;C:\Windows\System32\WindowsPowerShell\v1.0\;C:\Windows\System32\OpenSSH\;C:\Program Files (x86)\NVIDIA Corporation\PhysX\Common;C:\Program Files\NVIDIA Corporation\NVIDIA NvDLISR;D:\Notepad++;C:\Program Files\MySQL\MySQL Server 8.0\bin;C:\WINDOWS\system32;C:\WINDOWS;C:\WINDOWS\System32\Wbem;C:\WINDOWS\System32\WindowsPowerShell\v1.0\;C:\WINDOWS\System32\OpenSSH\;C:\Program Files\Java\javafx-sdk-11.0.2;C:\Program Files\dotnet\;C:\Program Files\Java\jdk1.8.0_151\bin;D:\apache-tomcat-8.5.68\bin;D:\apache-maven-3.6.1\bin;D:\Rational Rose\common;D:\Xshell\;D:\微信web开发者工具\dll;D:\Git\cmd;D:\NodeJs\;C:\Program Files\MySQL\MySQL Shell 8.0\bin\;C:\Users\xiaokaizia\AppData\Local\Microsoft\WindowsApps;D:\Bandizip\;C:\Users\xiaokaizia\AppData\Local\Programs\Microsoft VS Code\bin;D:\apache-tomcat-8.5.68\bin;;D:\PyCharm Community Edition 2022.3.3\bin;;D:\IntelliJ IDEA 2023.2.4\bin;;C:\Users\xiaokaizia\AppData\Roaming\npm;C:\Users\xiaokaizia\.dotnet\tools;D:\cpolar\;."/>
    <property name="java.vm.info" value="mixed mode"/>
    <property name="java.vendor" value="Oracle Corporation"/>
    <property name="java.vm.version" value="25.151-b12"/>
    <property name="java.ext.dirs" value="C:\Program Files\Java\jdk1.8.0_151\jre\lib\ext;C:\WINDOWS\Sun\Java\lib\ext"/>
    <property name="sun.io.unicode.encoding" value="UnicodeLittle"/>
    <property name="java.class.version" value="52.0"/>
  </properties>
  <testcase name="testDemo" classname="com.example.skye.MyBatisPlusDemoApplicationTests" time="0.303"/>
  <testcase name="testInsert" classname="com.example.skye.MyBatisPlusDemoApplicationTests" time="0.521">
    <error message="&#10;### Error updating database.  Cause: com.mysql.cj.jdbc.exceptions.MysqlDataTruncation: Data truncation: Out of range value for column &apos;id&apos; at row 1&#10;### The error may exist in com/example/skye/mapper/BrandMapper.java (best guess)&#10;### The error may involve com.example.skye.mapper.BrandMapper.insert-Inline&#10;### The error occurred while setting parameters&#10;### SQL: INSERT INTO brand  ( id, brand_name, company_name, ordered, status )  VALUES  ( ?, ?, ?, ?, ? )&#10;### Cause: com.mysql.cj.jdbc.exceptions.MysqlDataTruncation: Data truncation: Out of range value for column &apos;id&apos; at row 1&#10;; Data truncation: Out of range value for column &apos;id&apos; at row 1; nested exception is com.mysql.cj.jdbc.exceptions.MysqlDataTruncation: Data truncation: Out of range value for column &apos;id&apos; at row 1" type="org.springframework.dao.DataIntegrityViolationException">org.springframework.dao.DataIntegrityViolationException: 

### Error updating database.  Cause: com.mysql.cj.jdbc.exceptions.MysqlDataTruncation: Data truncation: Out of range value for column 'id' at row 1
### The error may exist in com/example/skye/mapper/BrandMapper.java (best guess)
### The error may involve com.example.skye.mapper.BrandMapper.insert-Inline
### The error occurred while setting parameters
### SQL: INSERT INTO brand  ( id, brand_name, company_name, ordered, status )  VALUES  ( ?, ?, ?, ?, ? )
### Cause: com.mysql.cj.jdbc.exceptions.MysqlDataTruncation: Data truncation: Out of range value for column 'id' at row 1
; Data truncation: Out of range value for column 'id' at row 1; nested exception is com.mysql.cj.jdbc.exceptions.MysqlDataTruncation: Data truncation: Out of range value for column 'id' at row 1
	at com.example.skye.MyBatisPlusDemoApplicationTests.testInsert(MyBatisPlusDemoApplicationTests.java:33)
Caused by: com.mysql.cj.jdbc.exceptions.MysqlDataTruncation: Data truncation: Out of range value for column 'id' at row 1
	at com.example.skye.MyBatisPlusDemoApplicationTests.testInsert(MyBatisPlusDemoApplicationTests.java:33)
</error>
    <system-out><![CDATA[Creating a new SqlSession
SqlSession [org.apache.ibatis.session.defaults.DefaultSqlSession@77c3c037] was not registered for synchronization because synchronization is not active
JDBC Connection [HikariProxyConnection@1768142988 wrapping com.mysql.cj.jdbc.ConnectionImpl@22bdb1d0] will not be managed by Spring
==>  Preparing: INSERT INTO brand ( id, brand_name, company_name, ordered, status ) VALUES ( ?, ?, ?, ?, ? )
==> Parameters: 1771151364794216450(Long), apple(String), apple(String), 100(Integer), 1(Integer)
Closing non transactional SqlSession [org.apache.ibatis.session.defaults.DefaultSqlSession@77c3c037]
]]></system-out>
  </testcase>
</testsuite>